2020-04-08 16:26:49   - [ DEBUG ]  com.imooc.page.BasePage.GetByLocal(BasePage.java:24) main com.imooc.page.BasePage - 你的定位信息为signin_button 
2020-04-08 16:26:49   - [ DEBUG ]  com.imooc.page.BasePage.GetByLocal(BasePage.java:27) main com.imooc.page.BasePage - 你的定位方式为id 
2020-04-08 16:26:49   - [ DEBUG ]  com.imooc.page.BasePage.GetByLocal(BasePage.java:28) main com.imooc.page.BasePage - 你的定位值为js-signin-btn 
2020-04-08 16:26:53   - [ DEBUG ]  com.imooc.handle.LoginHandle.SendEmail(LoginHandle.java:16) main com.imooc.handle.LoginHandle - 你输入的账号为：625707127@qq.com 
2020-04-08 16:26:53   - [ DEBUG ]  com.imooc.page.BasePage.GetByLocal(BasePage.java:24) main com.imooc.page.BasePage - 你的定位信息为username 
2020-04-08 16:26:53   - [ DEBUG ]  com.imooc.page.BasePage.GetByLocal(BasePage.java:27) main com.imooc.page.BasePage - 你的定位方式为name 
2020-04-08 16:26:53   - [ DEBUG ]  com.imooc.page.BasePage.GetByLocal(BasePage.java:28) main com.imooc.page.BasePage - 你的定位值为email 
2020-04-08 16:26:53   - [ DEBUG ]  com.imooc.handle.LoginHandle.SendPassword(LoginHandle.java:21) main com.imooc.handle.LoginHandle - 你输入的密码为：5211314hzy.... 
2020-04-08 16:26:53   - [ DEBUG ]  com.imooc.page.BasePage.GetByLocal(BasePage.java:24) main com.imooc.page.BasePage - 你的定位信息为password 
2020-04-08 16:26:53   - [ DEBUG ]  com.imooc.page.BasePage.GetByLocal(BasePage.java:27) main com.imooc.page.BasePage - 你的定位方式为className 
2020-04-08 16:26:53   - [ DEBUG ]  com.imooc.page.BasePage.GetByLocal(BasePage.java:28) main com.imooc.page.BasePage - 你的定位值为js-loginPassword 
2020-04-08 16:26:53   - [ DEBUG ]  com.imooc.handle.LoginHandle.ClickLogin(LoginHandle.java:30) main com.imooc.handle.LoginHandle - 你开始点击登录 
2020-04-08 16:26:53   - [ DEBUG ]  com.imooc.page.BasePage.GetByLocal(BasePage.java:24) main com.imooc.page.BasePage - 你的定位信息为login 
2020-04-08 16:26:53   - [ DEBUG ]  com.imooc.page.BasePage.GetByLocal(BasePage.java:27) main com.imooc.page.BasePage - 你的定位方式为className 
2020-04-08 16:26:53   - [ DEBUG ]  com.imooc.page.BasePage.GetByLocal(BasePage.java:28) main com.imooc.page.BasePage - 你的定位值为moco-btn-red 
2020-04-08 16:26:55   - [ DEBUG ]  com.imooc.page.BasePage.GetByLocal(BasePage.java:24) main com.imooc.page.BasePage - 你的定位信息为UserPng 
2020-04-08 16:26:55   - [ DEBUG ]  com.imooc.page.BasePage.GetByLocal(BasePage.java:27) main com.imooc.page.BasePage - 你的定位方式为id 
2020-04-08 16:26:55   - [ DEBUG ]  com.imooc.page.BasePage.GetByLocal(BasePage.java:28) main com.imooc.page.BasePage - 你的定位值为header-avator 
2020-04-08 16:27:00   - [ DEBUG ]  com.imooc.page.BasePage.GetByLocal(BasePage.java:24) main com.imooc.page.BasePage - 你的定位信息为UserInfo 
2020-04-08 16:27:00   - [ DEBUG ]  com.imooc.page.BasePage.GetByLocal(BasePage.java:27) main com.imooc.page.BasePage - 你的定位方式为className 
2020-04-08 16:27:00   - [ DEBUG ]  com.imooc.page.BasePage.GetByLocal(BasePage.java:28) main com.imooc.page.BasePage - 你的定位值为text-ellipsis 
2020-04-08 16:29:46   - [ DEBUG ]  com.imooc.page.BasePage.GetByLocal(BasePage.java:24) main com.imooc.page.BasePage - 你的定位信息为signin_button 
2020-04-08 16:29:46   - [ DEBUG ]  com.imooc.page.BasePage.GetByLocal(BasePage.java:27) main com.imooc.page.BasePage - 你的定位方式为id 
2020-04-08 16:29:46   - [ DEBUG ]  com.imooc.page.BasePage.GetByLocal(BasePage.java:28) main com.imooc.page.BasePage - 你的定位值为js-signin-btn 
2020-04-08 16:29:49   - [ DEBUG ]  com.imooc.handle.LoginHandle.SendEmail(LoginHandle.java:16) main com.imooc.handle.LoginHandle - 你输入的账号为：625707127@qq.com 
2020-04-08 16:29:49   - [ DEBUG ]  com.imooc.page.BasePage.GetByLocal(BasePage.java:24) main com.imooc.page.BasePage - 你的定位信息为username 
2020-04-08 16:29:49   - [ DEBUG ]  com.imooc.page.BasePage.GetByLocal(BasePage.java:27) main com.imooc.page.BasePage - 你的定位方式为name 
2020-04-08 16:29:49   - [ DEBUG ]  com.imooc.page.BasePage.GetByLocal(BasePage.java:28) main com.imooc.page.BasePage - 你的定位值为email 
2020-04-08 16:29:49   - [ DEBUG ]  com.imooc.handle.LoginHandle.SendPassword(LoginHandle.java:21) main com.imooc.handle.LoginHandle - 你输入的密码为：5211314hzy.... 
2020-04-08 16:29:49   - [ DEBUG ]  com.imooc.page.BasePage.GetByLocal(BasePage.java:24) main com.imooc.page.BasePage - 你的定位信息为password 
2020-04-08 16:29:49   - [ DEBUG ]  com.imooc.page.BasePage.GetByLocal(BasePage.java:27) main com.imooc.page.BasePage - 你的定位方式为className 
2020-04-08 16:29:49   - [ DEBUG ]  com.imooc.page.BasePage.GetByLocal(BasePage.java:28) main com.imooc.page.BasePage - 你的定位值为js-loginPassword 
2020-04-08 16:29:50   - [ DEBUG ]  com.imooc.handle.LoginHandle.ClickLogin(LoginHandle.java:30) main com.imooc.handle.LoginHandle - 你开始点击登录 
2020-04-08 16:29:50   - [ DEBUG ]  com.imooc.page.BasePage.GetByLocal(BasePage.java:24) main com.imooc.page.BasePage - 你的定位信息为login 
2020-04-08 16:29:50   - [ DEBUG ]  com.imooc.page.BasePage.GetByLocal(BasePage.java:27) main com.imooc.page.BasePage - 你的定位方式为className 
2020-04-08 16:29:50   - [ DEBUG ]  com.imooc.page.BasePage.GetByLocal(BasePage.java:28) main com.imooc.page.BasePage - 你的定位值为moco-btn-red 
2020-04-08 16:29:52   - [ DEBUG ]  com.imooc.page.BasePage.GetByLocal(BasePage.java:24) main com.imooc.page.BasePage - 你的定位信息为UserPng 
2020-04-08 16:29:52   - [ DEBUG ]  com.imooc.page.BasePage.GetByLocal(BasePage.java:27) main com.imooc.page.BasePage - 你的定位方式为id 
2020-04-08 16:29:52   - [ DEBUG ]  com.imooc.page.BasePage.GetByLocal(BasePage.java:28) main com.imooc.page.BasePage - 你的定位值为header-avator 
2020-04-08 16:29:53   - [ DEBUG ]  com.imooc.page.BasePage.GetByLocal(BasePage.java:24) main com.imooc.page.BasePage - 你的定位信息为UserInfo 
2020-04-08 16:29:53   - [ DEBUG ]  com.imooc.page.BasePage.GetByLocal(BasePage.java:27) main com.imooc.page.BasePage - 你的定位方式为className 
2020-04-08 16:29:53   - [ DEBUG ]  com.imooc.page.BasePage.GetByLocal(BasePage.java:28) main com.imooc.page.BasePage - 你的定位值为text-ellipsis 
2020-04-08 16:33:54   - [ DEBUG ]  com.imooc.page.BasePage.GetByLocal(BasePage.java:24) main com.imooc.page.BasePage - 你的定位信息为signin_button 
2020-04-08 16:33:54   - [ DEBUG ]  com.imooc.page.BasePage.GetByLocal(BasePage.java:27) main com.imooc.page.BasePage - 你的定位方式为id 
2020-04-08 16:33:54   - [ DEBUG ]  com.imooc.page.BasePage.GetByLocal(BasePage.java:28) main com.imooc.page.BasePage - 你的定位值为js-signin-btn 
2020-04-08 16:33:57   - [ DEBUG ]  com.imooc.handle.LoginHandle.SendEmail(LoginHandle.java:16) main com.imooc.handle.LoginHandle - 你输入的账号为：625707127@qq.com 
2020-04-08 16:33:57   - [ DEBUG ]  com.imooc.page.BasePage.GetByLocal(BasePage.java:24) main com.imooc.page.BasePage - 你的定位信息为username 
2020-04-08 16:33:57   - [ DEBUG ]  com.imooc.page.BasePage.GetByLocal(BasePage.java:27) main com.imooc.page.BasePage - 你的定位方式为name 
2020-04-08 16:33:57   - [ DEBUG ]  com.imooc.page.BasePage.GetByLocal(BasePage.java:28) main com.imooc.page.BasePage - 你的定位值为email 
2020-04-08 16:33:58   - [ DEBUG ]  com.imooc.handle.LoginHandle.SendPassword(LoginHandle.java:21) main com.imooc.handle.LoginHandle - 你输入的密码为：5211314hzy.... 
2020-04-08 16:33:58   - [ DEBUG ]  com.imooc.page.BasePage.GetByLocal(BasePage.java:24) main com.imooc.page.BasePage - 你的定位信息为password 
2020-04-08 16:33:58   - [ DEBUG ]  com.imooc.page.BasePage.GetByLocal(BasePage.java:27) main com.imooc.page.BasePage - 你的定位方式为className 
2020-04-08 16:33:58   - [ DEBUG ]  com.imooc.page.BasePage.GetByLocal(BasePage.java:28) main com.imooc.page.BasePage - 你的定位值为js-loginPassword 
2020-04-08 16:33:58   - [ DEBUG ]  com.imooc.handle.LoginHandle.ClickLogin(LoginHandle.java:30) main com.imooc.handle.LoginHandle - 你开始点击登录 
2020-04-08 16:33:58   - [ DEBUG ]  com.imooc.page.BasePage.GetByLocal(BasePage.java:24) main com.imooc.page.BasePage - 你的定位信息为login 
2020-04-08 16:33:58   - [ DEBUG ]  com.imooc.page.BasePage.GetByLocal(BasePage.java:27) main com.imooc.page.BasePage - 你的定位方式为className 
2020-04-08 16:33:58   - [ DEBUG ]  com.imooc.page.BasePage.GetByLocal(BasePage.java:28) main com.imooc.page.BasePage - 你的定位值为moco-btn-red 
2020-04-08 16:34:00   - [ DEBUG ]  com.imooc.page.BasePage.GetByLocal(BasePage.java:24) main com.imooc.page.BasePage - 你的定位信息为UserPng 
2020-04-08 16:34:00   - [ DEBUG ]  com.imooc.page.BasePage.GetByLocal(BasePage.java:27) main com.imooc.page.BasePage - 你的定位方式为id 
2020-04-08 16:34:00   - [ DEBUG ]  com.imooc.page.BasePage.GetByLocal(BasePage.java:28) main com.imooc.page.BasePage - 你的定位值为header-avator 
2020-04-08 16:34:01   - [ DEBUG ]  com.imooc.page.BasePage.GetByLocal(BasePage.java:24) main com.imooc.page.BasePage - 你的定位信息为UserInfo 
2020-04-08 16:34:01   - [ DEBUG ]  com.imooc.page.BasePage.GetByLocal(BasePage.java:27) main com.imooc.page.BasePage - 你的定位方式为className 
2020-04-08 16:34:01   - [ DEBUG ]  com.imooc.page.BasePage.GetByLocal(BasePage.java:28) main com.imooc.page.BasePage - 你的定位值为text-ellipsis 
2020-04-08 16:35:06   - [ DEBUG ]  com.imooc.page.BasePage.GetByLocal(BasePage.java:24) main com.imooc.page.BasePage - 你的定位信息为signin_button 
2020-04-08 16:35:06   - [ DEBUG ]  com.imooc.page.BasePage.GetByLocal(BasePage.java:27) main com.imooc.page.BasePage - 你的定位方式为id 
2020-04-08 16:35:06   - [ DEBUG ]  com.imooc.page.BasePage.GetByLocal(BasePage.java:28) main com.imooc.page.BasePage - 你的定位值为js-signin-btn 
2020-04-08 16:35:10   - [ DEBUG ]  com.imooc.handle.LoginHandle.SendEmail(LoginHandle.java:16) main com.imooc.handle.LoginHandle - 你输入的账号为：625707127@qq.com 
2020-04-08 16:35:10   - [ DEBUG ]  com.imooc.page.BasePage.GetByLocal(BasePage.java:24) main com.imooc.page.BasePage - 你的定位信息为username 
2020-04-08 16:35:10   - [ DEBUG ]  com.imooc.page.BasePage.GetByLocal(BasePage.java:27) main com.imooc.page.BasePage - 你的定位方式为name 
2020-04-08 16:35:10   - [ DEBUG ]  com.imooc.page.BasePage.GetByLocal(BasePage.java:28) main com.imooc.page.BasePage - 你的定位值为email 
2020-04-08 16:35:10   - [ DEBUG ]  com.imooc.handle.LoginHandle.SendPassword(LoginHandle.java:21) main com.imooc.handle.LoginHandle - 你输入的密码为：5211314hzy.... 
2020-04-08 16:35:10   - [ DEBUG ]  com.imooc.page.BasePage.GetByLocal(BasePage.java:24) main com.imooc.page.BasePage - 你的定位信息为password 
2020-04-08 16:35:10   - [ DEBUG ]  com.imooc.page.BasePage.GetByLocal(BasePage.java:27) main com.imooc.page.BasePage - 你的定位方式为className 
2020-04-08 16:35:10   - [ DEBUG ]  com.imooc.page.BasePage.GetByLocal(BasePage.java:28) main com.imooc.page.BasePage - 你的定位值为js-loginPassword 
2020-04-08 16:35:10   - [ DEBUG ]  com.imooc.handle.LoginHandle.ClickLogin(LoginHandle.java:30) main com.imooc.handle.LoginHandle - 你开始点击登录 
2020-04-08 16:35:10   - [ DEBUG ]  com.imooc.page.BasePage.GetByLocal(BasePage.java:24) main com.imooc.page.BasePage - 你的定位信息为login 
2020-04-08 16:35:10   - [ DEBUG ]  com.imooc.page.BasePage.GetByLocal(BasePage.java:27) main com.imooc.page.BasePage - 你的定位方式为className 
2020-04-08 16:35:10   - [ DEBUG ]  com.imooc.page.BasePage.GetByLocal(BasePage.java:28) main com.imooc.page.BasePage - 你的定位值为moco-btn-red 
2020-04-08 16:35:12   - [ DEBUG ]  com.imooc.page.BasePage.GetByLocal(BasePage.java:24) main com.imooc.page.BasePage - 你的定位信息为UserPng 
2020-04-08 16:35:12   - [ DEBUG ]  com.imooc.page.BasePage.GetByLocal(BasePage.java:27) main com.imooc.page.BasePage - 你的定位方式为id 
2020-04-08 16:35:12   - [ DEBUG ]  com.imooc.page.BasePage.GetByLocal(BasePage.java:28) main com.imooc.page.BasePage - 你的定位值为header-avator 
2020-04-08 16:35:13   - [ DEBUG ]  com.imooc.page.BasePage.GetByLocal(BasePage.java:24) main com.imooc.page.BasePage - 你的定位信息为UserInfo 
2020-04-08 16:35:13   - [ DEBUG ]  com.imooc.page.BasePage.GetByLocal(BasePage.java:27) main com.imooc.page.BasePage - 你的定位方式为className 
2020-04-08 16:35:13   - [ DEBUG ]  com.imooc.page.BasePage.GetByLocal(BasePage.java:28) main com.imooc.page.BasePage - 你的定位值为text-ellipsis 
2020-04-08 16:45:55   - [ DEBUG ]  com.imooc.page.BasePage.GetByLocal(BasePage.java:24) main com.imooc.page.BasePage - 你的定位信息为signin_button 
2020-04-08 16:45:55   - [ DEBUG ]  com.imooc.page.BasePage.GetByLocal(BasePage.java:27) main com.imooc.page.BasePage - 你的定位方式为id 
2020-04-08 16:45:55   - [ DEBUG ]  com.imooc.page.BasePage.GetByLocal(BasePage.java:28) main com.imooc.page.BasePage - 你的定位值为js-signin-btn 
2020-04-08 16:45:58   - [ DEBUG ]  com.imooc.handle.LoginHandle.SendEmail(LoginHandle.java:16) main com.imooc.handle.LoginHandle - 你输入的账号为：625707127@qq.com 
2020-04-08 16:45:58   - [ DEBUG ]  com.imooc.page.BasePage.GetByLocal(BasePage.java:24) main com.imooc.page.BasePage - 你的定位信息为username 
2020-04-08 16:45:58   - [ DEBUG ]  com.imooc.page.BasePage.GetByLocal(BasePage.java:27) main com.imooc.page.BasePage - 你的定位方式为name 
2020-04-08 16:45:58   - [ DEBUG ]  com.imooc.page.BasePage.GetByLocal(BasePage.java:28) main com.imooc.page.BasePage - 你的定位值为email 
2020-04-08 16:45:58   - [ DEBUG ]  com.imooc.handle.LoginHandle.SendPassword(LoginHandle.java:21) main com.imooc.handle.LoginHandle - 你输入的密码为：5211314hzy.... 
2020-04-08 16:45:58   - [ DEBUG ]  com.imooc.page.BasePage.GetByLocal(BasePage.java:24) main com.imooc.page.BasePage - 你的定位信息为password 
2020-04-08 16:45:58   - [ DEBUG ]  com.imooc.page.BasePage.GetByLocal(BasePage.java:27) main com.imooc.page.BasePage - 你的定位方式为className 
2020-04-08 16:45:58   - [ DEBUG ]  com.imooc.page.BasePage.GetByLocal(BasePage.java:28) main com.imooc.page.BasePage - 你的定位值为js-loginPassword 
2020-04-08 16:45:59   - [ DEBUG ]  com.imooc.handle.LoginHandle.ClickLogin(LoginHandle.java:30) main com.imooc.handle.LoginHandle - 你开始点击登录 
2020-04-08 16:45:59   - [ DEBUG ]  com.imooc.page.BasePage.GetByLocal(BasePage.java:24) main com.imooc.page.BasePage - 你的定位信息为login 
2020-04-08 16:45:59   - [ DEBUG ]  com.imooc.page.BasePage.GetByLocal(BasePage.java:27) main com.imooc.page.BasePage - 你的定位方式为className 
2020-04-08 16:45:59   - [ DEBUG ]  com.imooc.page.BasePage.GetByLocal(BasePage.java:28) main com.imooc.page.BasePage - 你的定位值为moco-btn-red 
2020-04-08 16:46:01   - [ DEBUG ]  com.imooc.page.BasePage.GetByLocal(BasePage.java:24) main com.imooc.page.BasePage - 你的定位信息为UserPng 
2020-04-08 16:46:01   - [ DEBUG ]  com.imooc.page.BasePage.GetByLocal(BasePage.java:27) main com.imooc.page.BasePage - 你的定位方式为id 
2020-04-08 16:46:01   - [ DEBUG ]  com.imooc.page.BasePage.GetByLocal(BasePage.java:28) main com.imooc.page.BasePage - 你的定位值为header-avator 
2020-04-08 16:46:02   - [ DEBUG ]  com.imooc.page.BasePage.GetByLocal(BasePage.java:24) main com.imooc.page.BasePage - 你的定位信息为UserInfo 
2020-04-08 16:46:02   - [ DEBUG ]  com.imooc.page.BasePage.GetByLocal(BasePage.java:27) main com.imooc.page.BasePage - 你的定位方式为className 
2020-04-08 16:46:02   - [ DEBUG ]  com.imooc.page.BasePage.GetByLocal(BasePage.java:28) main com.imooc.page.BasePage - 你的定位值为text-ellipsis 
2020-04-08 16:48:02   - [ DEBUG ]  com.imooc.page.BasePage.GetByLocal(BasePage.java:24) main com.imooc.page.BasePage - 你的定位信息为signin_button 
2020-04-08 16:48:02   - [ DEBUG ]  com.imooc.page.BasePage.GetByLocal(BasePage.java:27) main com.imooc.page.BasePage - 你的定位方式为id 
2020-04-08 16:48:02   - [ DEBUG ]  com.imooc.page.BasePage.GetByLocal(BasePage.java:28) main com.imooc.page.BasePage - 你的定位值为js-signin-btn 
2020-04-08 16:48:05   - [ DEBUG ]  com.imooc.handle.LoginHandle.SendEmail(LoginHandle.java:16) main com.imooc.handle.LoginHandle - 你输入的账号为：625707127@qq.com 
2020-04-08 16:48:05   - [ DEBUG ]  com.imooc.page.BasePage.GetByLocal(BasePage.java:24) main com.imooc.page.BasePage - 你的定位信息为username 
2020-04-08 16:48:05   - [ DEBUG ]  com.imooc.page.BasePage.GetByLocal(BasePage.java:27) main com.imooc.page.BasePage - 你的定位方式为name 
2020-04-08 16:48:05   - [ DEBUG ]  com.imooc.page.BasePage.GetByLocal(BasePage.java:28) main com.imooc.page.BasePage - 你的定位值为email 
2020-04-08 16:48:05   - [ DEBUG ]  com.imooc.handle.LoginHandle.SendPassword(LoginHandle.java:21) main com.imooc.handle.LoginHandle - 你输入的密码为：5211314hzy.... 
2020-04-08 16:48:05   - [ DEBUG ]  com.imooc.page.BasePage.GetByLocal(BasePage.java:24) main com.imooc.page.BasePage - 你的定位信息为password 
2020-04-08 16:48:05   - [ DEBUG ]  com.imooc.page.BasePage.GetByLocal(BasePage.java:27) main com.imooc.page.BasePage - 你的定位方式为className 
2020-04-08 16:48:05   - [ DEBUG ]  com.imooc.page.BasePage.GetByLocal(BasePage.java:28) main com.imooc.page.BasePage - 你的定位值为js-loginPassword 
2020-04-08 16:48:05   - [ DEBUG ]  com.imooc.handle.LoginHandle.ClickLogin(LoginHandle.java:30) main com.imooc.handle.LoginHandle - 你开始点击登录 
2020-04-08 16:48:05   - [ DEBUG ]  com.imooc.page.BasePage.GetByLocal(BasePage.java:24) main com.imooc.page.BasePage - 你的定位信息为login 
2020-04-08 16:48:05   - [ DEBUG ]  com.imooc.page.BasePage.GetByLocal(BasePage.java:27) main com.imooc.page.BasePage - 你的定位方式为className 
2020-04-08 16:48:05   - [ DEBUG ]  com.imooc.page.BasePage.GetByLocal(BasePage.java:28) main com.imooc.page.BasePage - 你的定位值为moco-btn-red 
2020-04-08 16:48:08   - [ DEBUG ]  com.imooc.page.BasePage.GetByLocal(BasePage.java:24) main com.imooc.page.BasePage - 你的定位信息为UserPng 
2020-04-08 16:48:08   - [ DEBUG ]  com.imooc.page.BasePage.GetByLocal(BasePage.java:27) main com.imooc.page.BasePage - 你的定位方式为id 
2020-04-08 16:48:08   - [ DEBUG ]  com.imooc.page.BasePage.GetByLocal(BasePage.java:28) main com.imooc.page.BasePage - 你的定位值为header-avator 
2020-04-08 16:48:11   - [ DEBUG ]  com.imooc.page.BasePage.GetByLocal(BasePage.java:24) main com.imooc.page.BasePage - 你的定位信息为UserInfo 
2020-04-08 16:48:11   - [ DEBUG ]  com.imooc.page.BasePage.GetByLocal(BasePage.java:27) main com.imooc.page.BasePage - 你的定位方式为className 
2020-04-08 16:48:11   - [ DEBUG ]  com.imooc.page.BasePage.GetByLocal(BasePage.java:28) main com.imooc.page.BasePage - 你的定位值为text-ellipsis 
2020-04-08 17:01:38   - [ DEBUG ]  com.imooc.page.BasePage.GetByLocal(BasePage.java:24) main com.imooc.page.BasePage - 你的定位信息为signin_button 
2020-04-08 17:01:38   - [ DEBUG ]  com.imooc.page.BasePage.GetByLocal(BasePage.java:27) main com.imooc.page.BasePage - 你的定位方式为id 
2020-04-08 17:01:38   - [ DEBUG ]  com.imooc.page.BasePage.GetByLocal(BasePage.java:28) main com.imooc.page.BasePage - 你的定位值为js-signin-btn 
2020-04-08 17:01:42   - [ DEBUG ]  com.imooc.handle.LoginHandle.SendEmail(LoginHandle.java:16) main com.imooc.handle.LoginHandle - 你输入的账号为：625707127@qq.com 
2020-04-08 17:01:42   - [ DEBUG ]  com.imooc.page.BasePage.GetByLocal(BasePage.java:24) main com.imooc.page.BasePage - 你的定位信息为username 
2020-04-08 17:01:42   - [ DEBUG ]  com.imooc.page.BasePage.GetByLocal(BasePage.java:27) main com.imooc.page.BasePage - 你的定位方式为name 
2020-04-08 17:01:42   - [ DEBUG ]  com.imooc.page.BasePage.GetByLocal(BasePage.java:28) main com.imooc.page.BasePage - 你的定位值为email 
2020-04-08 17:01:42   - [ DEBUG ]  com.imooc.handle.LoginHandle.SendPassword(LoginHandle.java:21) main com.imooc.handle.LoginHandle - 你输入的密码为：5211314hzy.... 
2020-04-08 17:01:42   - [ DEBUG ]  com.imooc.page.BasePage.GetByLocal(BasePage.java:24) main com.imooc.page.BasePage - 你的定位信息为password 
2020-04-08 17:01:42   - [ DEBUG ]  com.imooc.page.BasePage.GetByLocal(BasePage.java:27) main com.imooc.page.BasePage - 你的定位方式为className 
2020-04-08 17:01:42   - [ DEBUG ]  com.imooc.page.BasePage.GetByLocal(BasePage.java:28) main com.imooc.page.BasePage - 你的定位值为js-loginPassword 
2020-04-08 17:01:43   - [ DEBUG ]  com.imooc.handle.LoginHandle.ClickLogin(LoginHandle.java:30) main com.imooc.handle.LoginHandle - 你开始点击登录 
2020-04-08 17:01:43   - [ DEBUG ]  com.imooc.page.BasePage.GetByLocal(BasePage.java:24) main com.imooc.page.BasePage - 你的定位信息为login 
2020-04-08 17:01:43   - [ DEBUG ]  com.imooc.page.BasePage.GetByLocal(BasePage.java:27) main com.imooc.page.BasePage - 你的定位方式为className 
2020-04-08 17:01:43   - [ DEBUG ]  com.imooc.page.BasePage.GetByLocal(BasePage.java:28) main com.imooc.page.BasePage - 你的定位值为moco-btn-red 
2020-04-08 17:01:45   - [ DEBUG ]  com.imooc.page.BasePage.GetByLocal(BasePage.java:24) main com.imooc.page.BasePage - 你的定位信息为UserPng 
2020-04-08 17:01:45   - [ DEBUG ]  com.imooc.page.BasePage.GetByLocal(BasePage.java:27) main com.imooc.page.BasePage - 你的定位方式为id 
2020-04-08 17:01:45   - [ DEBUG ]  com.imooc.page.BasePage.GetByLocal(BasePage.java:28) main com.imooc.page.BasePage - 你的定位值为header-avator 
2020-04-08 17:01:47   - [ DEBUG ]  com.imooc.page.BasePage.GetByLocal(BasePage.java:24) main com.imooc.page.BasePage - 你的定位信息为UserInfo 
2020-04-08 17:01:47   - [ DEBUG ]  com.imooc.page.BasePage.GetByLocal(BasePage.java:27) main com.imooc.page.BasePage - 你的定位方式为className 
2020-04-08 17:01:47   - [ DEBUG ]  com.imooc.page.BasePage.GetByLocal(BasePage.java:28) main com.imooc.page.BasePage - 你的定位值为text-ellipsis 
2020-04-08 17:02:26   - [ DEBUG ]  com.imooc.page.BasePage.GetByLocal(BasePage.java:24) main com.imooc.page.BasePage - 你的定位信息为signin_button 
2020-04-08 17:02:26   - [ DEBUG ]  com.imooc.page.BasePage.GetByLocal(BasePage.java:27) main com.imooc.page.BasePage - 你的定位方式为id 
2020-04-08 17:02:26   - [ DEBUG ]  com.imooc.page.BasePage.GetByLocal(BasePage.java:28) main com.imooc.page.BasePage - 你的定位值为js-signin-btn 
2020-04-08 17:02:30   - [ DEBUG ]  com.imooc.handle.LoginHandle.SendEmail(LoginHandle.java:16) main com.imooc.handle.LoginHandle - 你输入的账号为：6257071271@qq.com 
2020-04-08 17:02:30   - [ DEBUG ]  com.imooc.page.BasePage.GetByLocal(BasePage.java:24) main com.imooc.page.BasePage - 你的定位信息为username 
2020-04-08 17:02:30   - [ DEBUG ]  com.imooc.page.BasePage.GetByLocal(BasePage.java:27) main com.imooc.page.BasePage - 你的定位方式为name 
2020-04-08 17:02:30   - [ DEBUG ]  com.imooc.page.BasePage.GetByLocal(BasePage.java:28) main com.imooc.page.BasePage - 你的定位值为email 
2020-04-08 17:02:30   - [ DEBUG ]  com.imooc.handle.LoginHandle.SendPassword(LoginHandle.java:21) main com.imooc.handle.LoginHandle - 你输入的密码为：5211314hzy.... 
2020-04-08 17:02:30   - [ DEBUG ]  com.imooc.page.BasePage.GetByLocal(BasePage.java:24) main com.imooc.page.BasePage - 你的定位信息为password 
2020-04-08 17:02:30   - [ DEBUG ]  com.imooc.page.BasePage.GetByLocal(BasePage.java:27) main com.imooc.page.BasePage - 你的定位方式为className 
2020-04-08 17:02:30   - [ DEBUG ]  com.imooc.page.BasePage.GetByLocal(BasePage.java:28) main com.imooc.page.BasePage - 你的定位值为js-loginPassword 
2020-04-08 17:02:30   - [ DEBUG ]  com.imooc.handle.LoginHandle.ClickLogin(LoginHandle.java:30) main com.imooc.handle.LoginHandle - 你开始点击登录 
2020-04-08 17:02:30   - [ DEBUG ]  com.imooc.page.BasePage.GetByLocal(BasePage.java:24) main com.imooc.page.BasePage - 你的定位信息为login 
2020-04-08 17:02:30   - [ DEBUG ]  com.imooc.page.BasePage.GetByLocal(BasePage.java:27) main com.imooc.page.BasePage - 你的定位方式为className 
2020-04-08 17:02:30   - [ DEBUG ]  com.imooc.page.BasePage.GetByLocal(BasePage.java:28) main com.imooc.page.BasePage - 你的定位值为moco-btn-red 
2020-04-08 17:02:33   - [ DEBUG ]  com.imooc.page.BasePage.GetByLocal(BasePage.java:24) main com.imooc.page.BasePage - 你的定位信息为UserPng 
2020-04-08 17:02:33   - [ DEBUG ]  com.imooc.page.BasePage.GetByLocal(BasePage.java:27) main com.imooc.page.BasePage - 你的定位方式为id 
2020-04-08 17:02:33   - [ DEBUG ]  com.imooc.page.BasePage.GetByLocal(BasePage.java:28) main com.imooc.page.BasePage - 你的定位值为header-avator 
2020-04-08 18:07:41   - [ DEBUG ]  com.imooc.page.BasePage.GetByLocal(BasePage.java:24) main com.imooc.page.BasePage - 你的定位信息为signin_button 
2020-04-08 18:07:41   - [ DEBUG ]  com.imooc.page.BasePage.GetByLocal(BasePage.java:27) main com.imooc.page.BasePage - 你的定位方式为id 
2020-04-08 18:07:41   - [ DEBUG ]  com.imooc.page.BasePage.GetByLocal(BasePage.java:28) main com.imooc.page.BasePage - 你的定位值为js-signin-btn 
2020-04-08 18:07:45   - [ DEBUG ]  com.imooc.handle.LoginHandle.SendEmail(LoginHandle.java:16) main com.imooc.handle.LoginHandle - 你输入的账号为：625707127@qq.com 
2020-04-08 18:07:45   - [ DEBUG ]  com.imooc.page.BasePage.GetByLocal(BasePage.java:24) main com.imooc.page.BasePage - 你的定位信息为username 
2020-04-08 18:07:45   - [ DEBUG ]  com.imooc.page.BasePage.GetByLocal(BasePage.java:27) main com.imooc.page.BasePage - 你的定位方式为name 
2020-04-08 18:07:45   - [ DEBUG ]  com.imooc.page.BasePage.GetByLocal(BasePage.java:28) main com.imooc.page.BasePage - 你的定位值为email 
2020-04-08 18:07:52   - [ DEBUG ]  com.imooc.handle.LoginHandle.SendPassword(LoginHandle.java:21) main com.imooc.handle.LoginHandle - 你输入的密码为：5211314hzy.... 
2020-04-08 18:07:52   - [ DEBUG ]  com.imooc.page.BasePage.GetByLocal(BasePage.java:24) main com.imooc.page.BasePage - 你的定位信息为password 
2020-04-08 18:07:52   - [ DEBUG ]  com.imooc.page.BasePage.GetByLocal(BasePage.java:27) main com.imooc.page.BasePage - 你的定位方式为className 
2020-04-08 18:07:52   - [ DEBUG ]  com.imooc.page.BasePage.GetByLocal(BasePage.java:28) main com.imooc.page.BasePage - 你的定位值为js-loginPassword 
2020-04-08 18:07:52   - [ DEBUG ]  com.imooc.handle.LoginHandle.ClickLogin(LoginHandle.java:30) main com.imooc.handle.LoginHandle - 你开始点击登录 
2020-04-08 18:07:52   - [ DEBUG ]  com.imooc.page.BasePage.GetByLocal(BasePage.java:24) main com.imooc.page.BasePage - 你的定位信息为login 
2020-04-08 18:07:52   - [ DEBUG ]  com.imooc.page.BasePage.GetByLocal(BasePage.java:27) main com.imooc.page.BasePage - 你的定位方式为className 
2020-04-08 18:07:52   - [ DEBUG ]  com.imooc.page.BasePage.GetByLocal(BasePage.java:28) main com.imooc.page.BasePage - 你的定位值为moco-btn-red 
2020-04-08 18:07:54   - [ DEBUG ]  com.imooc.page.BasePage.GetByLocal(BasePage.java:24) main com.imooc.page.BasePage - 你的定位信息为UserPng 
2020-04-08 18:07:54   - [ DEBUG ]  com.imooc.page.BasePage.GetByLocal(BasePage.java:27) main com.imooc.page.BasePage - 你的定位方式为id 
2020-04-08 18:07:54   - [ DEBUG ]  com.imooc.page.BasePage.GetByLocal(BasePage.java:28) main com.imooc.page.BasePage - 你的定位值为header-avator 
2020-04-08 18:07:59   - [ DEBUG ]  com.imooc.page.BasePage.GetByLocal(BasePage.java:24) main com.imooc.page.BasePage - 你的定位信息为UserInfo 
2020-04-08 18:07:59   - [ DEBUG ]  com.imooc.page.BasePage.GetByLocal(BasePage.java:27) main com.imooc.page.BasePage - 你的定位方式为className 
2020-04-08 18:07:59   - [ DEBUG ]  com.imooc.page.BasePage.GetByLocal(BasePage.java:28) main com.imooc.page.BasePage - 你的定位值为text-ellipsis 
2020-04-08 18:40:41   - [ DEBUG ]  com.imooc.page.BasePage.GetByLocal(BasePage.java:24) main com.imooc.page.BasePage - 你的定位信息为signin_button 
2020-04-08 18:40:41   - [ DEBUG ]  com.imooc.page.BasePage.GetByLocal(BasePage.java:27) main com.imooc.page.BasePage - 你的定位方式为id 
2020-04-08 18:40:41   - [ DEBUG ]  com.imooc.page.BasePage.GetByLocal(BasePage.java:28) main com.imooc.page.BasePage - 你的定位值为js-signin-btn 
2020-04-08 18:40:44   - [ DEBUG ]  com.imooc.handle.LoginHandle.SendEmail(LoginHandle.java:16) main com.imooc.handle.LoginHandle - 你输入的账号为：625707127@qq.com 
2020-04-08 18:40:44   - [ DEBUG ]  com.imooc.page.BasePage.GetByLocal(BasePage.java:24) main com.imooc.page.BasePage - 你的定位信息为username 
2020-04-08 18:40:44   - [ DEBUG ]  com.imooc.page.BasePage.GetByLocal(BasePage.java:27) main com.imooc.page.BasePage - 你的定位方式为name 
2020-04-08 18:40:44   - [ DEBUG ]  com.imooc.page.BasePage.GetByLocal(BasePage.java:28) main com.imooc.page.BasePage - 你的定位值为email 
2020-04-08 18:40:44   - [ DEBUG ]  com.imooc.handle.LoginHandle.SendPassword(LoginHandle.java:21) main com.imooc.handle.LoginHandle - 你输入的密码为：5211314hzy.... 
2020-04-08 18:40:44   - [ DEBUG ]  com.imooc.page.BasePage.GetByLocal(BasePage.java:24) main com.imooc.page.BasePage - 你的定位信息为password 
2020-04-08 18:40:44   - [ DEBUG ]  com.imooc.page.BasePage.GetByLocal(BasePage.java:27) main com.imooc.page.BasePage - 你的定位方式为className 
2020-04-08 18:40:44   - [ DEBUG ]  com.imooc.page.BasePage.GetByLocal(BasePage.java:28) main com.imooc.page.BasePage - 你的定位值为js-loginPassword 
2020-04-08 18:40:44   - [ DEBUG ]  com.imooc.handle.LoginHandle.ClickLogin(LoginHandle.java:30) main com.imooc.handle.LoginHandle - 你开始点击登录 
2020-04-08 18:40:44   - [ DEBUG ]  com.imooc.page.BasePage.GetByLocal(BasePage.java:24) main com.imooc.page.BasePage - 你的定位信息为login 
2020-04-08 18:40:44   - [ DEBUG ]  com.imooc.page.BasePage.GetByLocal(BasePage.java:27) main com.imooc.page.BasePage - 你的定位方式为className 
2020-04-08 18:40:44   - [ DEBUG ]  com.imooc.page.BasePage.GetByLocal(BasePage.java:28) main com.imooc.page.BasePage - 你的定位值为moco-btn-red 
2020-04-08 18:40:46   - [ DEBUG ]  com.imooc.page.BasePage.GetByLocal(BasePage.java:24) main com.imooc.page.BasePage - 你的定位信息为UserPng 
2020-04-08 18:40:46   - [ DEBUG ]  com.imooc.page.BasePage.GetByLocal(BasePage.java:27) main com.imooc.page.BasePage - 你的定位方式为id 
2020-04-08 18:40:46   - [ DEBUG ]  com.imooc.page.BasePage.GetByLocal(BasePage.java:28) main com.imooc.page.BasePage - 你的定位值为header-avator 
2020-04-08 18:40:49   - [ DEBUG ]  com.imooc.page.BasePage.GetByLocal(BasePage.java:24) main com.imooc.page.BasePage - 你的定位信息为UserInfo 
2020-04-08 18:40:49   - [ DEBUG ]  com.imooc.page.BasePage.GetByLocal(BasePage.java:27) main com.imooc.page.BasePage - 你的定位方式为className 
2020-04-08 18:40:49   - [ DEBUG ]  com.imooc.page.BasePage.GetByLocal(BasePage.java:28) main com.imooc.page.BasePage - 你的定位值为text-ellipsis 
